0 info it worked if it ends with ok
1 verbose cli [ '/usr/local/Cellar/node/0.10.15/bin/node',
1 verbose cli   '/usr/local/bin/npm',
1 verbose cli   'install',
1 verbose cli   'jsteaser' ]
2 info using npm@1.3.5
3 info using node@v0.10.15
4 warn package.json ClustterAPI@0.0.0 No README data
5 warn package.json html-to-text@0.0.6 No repository field.
6 warn package.json reader@0.0.8 No repository field.
7 verbose readDependencies using package.json deps
8 verbose cache add [ 'jsteaser', null ]
9 verbose cache add name=undefined spec="jsteaser" args=["jsteaser",null]
10 verbose parsed url { protocol: null,
10 verbose parsed url   slashes: null,
10 verbose parsed url   auth: null,
10 verbose parsed url   host: null,
10 verbose parsed url   port: null,
10 verbose parsed url   hostname: null,
10 verbose parsed url   hash: null,
10 verbose parsed url   search: null,
10 verbose parsed url   query: null,
10 verbose parsed url   pathname: 'jsteaser',
10 verbose parsed url   path: 'jsteaser',
10 verbose parsed url   href: 'jsteaser' }
11 silly lockFile 9b026dda-jsteaser jsteaser
12 verbose lock jsteaser /Users/waltercarvalho/.npm/9b026dda-jsteaser.lock
13 silly lockFile 9b026dda-jsteaser jsteaser
14 silly lockFile 9b026dda-jsteaser jsteaser
15 verbose addNamed [ 'jsteaser', '' ]
16 verbose addNamed [ null, '*' ]
17 silly lockFile 3cf1b7ca-jsteaser jsteaser@
18 verbose lock jsteaser@ /Users/waltercarvalho/.npm/3cf1b7ca-jsteaser.lock
19 silly addNameRange { name: 'jsteaser', range: '*', hasData: false }
20 verbose url raw jsteaser
21 verbose url resolving [ 'https://registry.npmjs.org/', './jsteaser' ]
22 verbose url resolved https://registry.npmjs.org/jsteaser
23 info trying registry request attempt 1 at 17:21:04
24 verbose etag "B7WWL19XNS7F9UVS40ZJHL86"
25 http GET https://registry.npmjs.org/jsteaser
26 http 304 https://registry.npmjs.org/jsteaser
27 silly registry.get cb [ 304,
27 silly registry.get   { date: 'Tue, 11 Feb 2014 17:21:01 GMT',
27 silly registry.get     server: 'CouchDB/1.5.0 (Erlang OTP/R16B)',
27 silly registry.get     connection: 'Keep-Alive',
27 silly registry.get     'keep-alive': 'timeout=10, max=50',
27 silly registry.get     etag: '"B7WWL19XNS7F9UVS40ZJHL86"',
27 silly registry.get     'cache-control': 'max-age=1' } ]
28 verbose etag jsteaser from cache
29 silly addNameRange number 2 { name: 'jsteaser', range: '*', hasData: true }
30 silly addNameRange versions [ 'jsteaser', [ '0.1.0', '0.1.1' ] ]
31 verbose addNamed [ 'jsteaser', '0.1.1' ]
32 verbose addNamed [ '0.1.1', '0.1.1' ]
33 silly lockFile 98554a29-jsteaser-0-1-1 jsteaser@0.1.1
34 verbose lock jsteaser@0.1.1 /Users/waltercarvalho/.npm/98554a29-jsteaser-0-1-1.lock
35 silly lockFile 20178092--org-jsteaser-jsteaser-0-1-1-tgz https://registry.npmjs.org/jsteaser/-/jsteaser-0.1.1.tgz
36 verbose lock https://registry.npmjs.org/jsteaser/-/jsteaser-0.1.1.tgz /Users/waltercarvalho/.npm/20178092--org-jsteaser-jsteaser-0-1-1-tgz.lock
37 verbose addRemoteTarball [ 'https://registry.npmjs.org/jsteaser/-/jsteaser-0.1.1.tgz',
37 verbose addRemoteTarball   'd4dd2336c8dfe7d08f866742bdf1fd2c138b98f0' ]
38 info retry fetch attempt 1 at 17:21:04
39 verbose fetch to= /var/folders/rf/hh5x5qf93wsg7t6s7xcw1lzh0000gn/T/npm-6302-t8TCf0js/1392139264847-0.7992948479950428/tmp.tgz
40 http GET https://registry.npmjs.org/jsteaser/-/jsteaser-0.1.1.tgz
41 http 404 https://registry.npmjs.org/jsteaser/-/jsteaser-0.1.1.tgz
42 error fetch failed https://registry.npmjs.org/jsteaser/-/jsteaser-0.1.1.tgz
43 silly lockFile 20178092--org-jsteaser-jsteaser-0-1-1-tgz https://registry.npmjs.org/jsteaser/-/jsteaser-0.1.1.tgz
44 silly lockFile 20178092--org-jsteaser-jsteaser-0-1-1-tgz https://registry.npmjs.org/jsteaser/-/jsteaser-0.1.1.tgz
45 silly lockFile 98554a29-jsteaser-0-1-1 jsteaser@0.1.1
46 silly lockFile 98554a29-jsteaser-0-1-1 jsteaser@0.1.1
47 silly lockFile 3cf1b7ca-jsteaser jsteaser@
48 silly lockFile 3cf1b7ca-jsteaser jsteaser@
49 error Error: 404 Not Found
49 error     at WriteStream.<anonymous> (/usr/local/Cellar/node/0.10.15/lib/node_modules/npm/lib/utils/fetch.js:57:12)
49 error     at WriteStream.EventEmitter.emit (events.js:117:20)
49 error     at fs.js:1596:14
49 error     at /usr/local/Cellar/node/0.10.15/lib/node_modules/npm/node_modules/graceful-fs/graceful-fs.js:103:5
49 error     at Object.oncomplete (fs.js:107:15)
50 error If you need help, you may report this log at:
50 error     <http://github.com/isaacs/npm/issues>
50 error or email it to:
50 error     <npm-@googlegroups.com>
51 error System Darwin 13.0.0
52 error command "/usr/local/Cellar/node/0.10.15/bin/node" "/usr/local/bin/npm" "install" "jsteaser"
53 error cwd /Users/waltercarvalho/Documents/clustter/clustter.server/summarizer
54 error node -v v0.10.15
55 error npm -v 1.3.5
56 verbose exit [ 1, true ]
